2014  51  0 13
2014  51  1 13
2014  51  2 13
2014  51  3 60
2014  51  4 60
2014  51  5 60
2014  51  6 60
2014  51  7 60
2014  51  8 60
2014  51  9 50
2014  51 10 50
2014  51 11 50
2014  51 12 47
2014  51 13 47
2014  51 14 47
2014  51 15 37
2014  51 16 37
2014  51 17 37
2014  51 18 20
2014  51 19 20
2014  51 20 20
2014  51 21 30
2014  51 22 30
2014  51 23 30
2014  52  0 30
2014  52  1 30
2014  52  2 30
2014  52  3 20
2014  52  4 20
2014  52  5 20
2014  52  6 20
2014  52  7 20
2014  52  8 20
2014  52  9 23
2014  52 10 23
2014  52 11 23
2014  52 12 27
2014  52 13 27
2014  52 14 27
2014  52 15 23
2014  52 16 23
2014  52 17 23
2014  52 18 17
2014  52 19 17
2014  52 20 17
2014  52 21 30
2014  52 22 30
2014  52 23 30